<?xml version="1.0" encoding="UTF-8"?>
<testsuite xmlns:xsi="http://www.w3.org/2001/XMLSchema-instance" xsi:noNamespaceSchemaLocation="https://maven.apache.org/surefire/maven-surefire-plugin/xsd/surefire-test-report.xsd" name="org.ivc.dbms.CustomerTest" time="3.976" tests="27" errors="0" skipped="0" failures="0">
  <properties>
[...]
</properties>
  <testcase name="tc01_signUp_success" classname="org.ivc.dbms.CustomerTest" time="0.253"/>
  <testcase name="tc02_signUp_duplicateUsername_rejected" classname="org.ivc.dbms.CustomerTest" time="0.133"/>
  <testcase name="tc03_signUp_duplicateEmail_rejected" classname="org.ivc.dbms.CustomerTest" time="0.107"/>
  <testcase name="tc04_login_success" classname="org.ivc.dbms.CustomerTest" time="0.084"/>
  <testcase name="tc05_login_wrongPassword_fails" classname="org.ivc.dbms.CustomerTest" time="0.077"/>
  <testcase name="tc06_login_nonExistentCustomer_fails" classname="org.ivc.dbms.CustomerTest" time="0.081"/>
  <testcase name="tc07_search_byStockNumber" classname="org.ivc.dbms.CustomerTest" time="0.081"/>
  <testcase name="tc08_search_byManufacturer_partialCaseInsensitive" classname="org.ivc.dbms.CustomerTest" time="0.078"/>
  <testcase name="tc09_search_byCategory" classname="org.ivc.dbms.CustomerTest" time="0.08"/>
  <testcase name="tc10_search_byAttribute" classname="org.ivc.dbms.CustomerTest" time="0.085"/>
  <testcase name="tc11_search_byCompatibleItem" classname="org.ivc.dbms.CustomerTest" time="0.075"/>
  <testcase name="tc12_search_combinationManufacturerAndCategory" classname="org.ivc.dbms.CustomerTest" time="0.079"/>
  <testcase name="tc13_search_combinationAttributeAndCategory" classname="org.ivc.dbms.CustomerTest" time="0.08"/>
  <testcase name="tc14_search_noResults" classname="org.ivc.dbms.CustomerTest" time="0.076"/>
  <testcase name="tc20_checkout_newCustomer_discountAndShippingWaived" classname="org.ivc.dbms.CustomerTest" time="0.078"/>
  <testcase name="tc21_checkout_goldCustomer_discountShippingWaived" classname="org.ivc.dbms.CustomerTest" time="0.076"/>
  <testcase name="tc22_checkout_silverCustomer_shippingApplied" classname="org.ivc.dbms.CustomerTest" time="0.076"/>
  <testcase name="tc23_checkout_silverCustomer_shippingWaived" classname="org.ivc.dbms.CustomerTest" time="0.078"/>
  <testcase name="tc24_checkout_greenCustomer_noDiscountShippingApplied" classname="org.ivc.dbms.CustomerTest" time="0.078"/>
  <testcase name="tc25_checkout_statusUpdatedAfterPurchase" classname="org.ivc.dbms.CustomerTest" time="0.135"/>
  <testcase name="tc27_checkout_emptyCart_noOrderInserted" classname="org.ivc.dbms.CustomerTest" time="0.099"/>
  <testcase name="tc28_checkout_depotInventoryDecremented" classname="org.ivc.dbms.CustomerTest" time="0.135"/>
  <testcase name="tc29_viewPreviousOrders_returnsOrders" classname="org.ivc.dbms.CustomerTest" time="0.156"/>
  <testcase name="tc30_rerunOrder_loadsCorrectItems" classname="org.ivc.dbms.CustomerTest" time="0.181"/>
  <testcase name="tc31_rerunOrder_otherCustomerOrder_rejected" classname="org.ivc.dbms.CustomerTest" time="0.126"/>
  <testcase name="tc32_rerunOrder_nonExistent_rejected" classname="org.ivc.dbms.CustomerTest" time="0.075"/>
  <testcase name="tc_orderNumber_useMaxNotCount" classname="org.ivc.dbms.CustomerTest" time="0.099"/>
</testsuite>