<?xml version="1.0" encoding="UTF-8"?>
<testsuite xmlns:xsi="http://www.w3.org/2001/XMLSchema-instance" xsi:noNamespaceSchemaLocation="https://maven.apache.org/surefire/maven-surefire-plugin/xsd/surefire-test-report.xsd" name="org.ivc.dbms.DepotTest" time="2.456" tests="11" errors="0" skipped="0" failures="0">
  <properties>
[...]
</properties>
  <testcase name="tc46_receiveShippingNotice_existingItem" classname="org.ivc.dbms.DepotTest" time="0.244"/>
  <testcase name="tc47_receiveShippingNotice_newItem" classname="org.ivc.dbms.DepotTest" time="0.166"/>
  <testcase name="tc48_receiveShipment_updatesInventory" classname="org.ivc.dbms.DepotTest" time="0.216"/>
  <testcase name="tc49_receiveShipment_invalidNoticeId" classname="org.ivc.dbms.DepotTest" time="0.077"/>
  <testcase name="tc50b_checkItemQuantity_notFound" classname="org.ivc.dbms.DepotTest" time="0.078"/>
  <testcase name="tc50_checkItemQuantity_found" classname="org.ivc.dbms.DepotTest" time="0.088"/>
  <testcase name="tc51_checkItemQuantity_belowMinimumWarning" classname="org.ivc.dbms.DepotTest" time="0.11"/>
  <testcase name="tc52_fillOrder_decrementsInventory" classname="org.ivc.dbms.DepotTest" time="0.13"/>
  <testcase name="tc53_fillOrder_replenishmentTriggered_forHP" classname="org.ivc.dbms.DepotTest" time="0.406"/>
  <testcase name="tc54_fillOrder_noReplenishment_whenLessThanThreeLow" classname="org.ivc.dbms.DepotTest" time="0.131"/>
  <testcase name="tc55_dataPersistence_committedOrderIsReadable" classname="org.ivc.dbms.DepotTest" time="0.198"/>
</testsuite>