<?xml version="1.0" encoding="UTF-8"?>
<testsuite xmlns:xsi="http://www.w3.org/2001/XMLSchema-instance" xsi:noNamespaceSchemaLocation="https://maven.apache.org/surefire/maven-surefire-plugin/xsd/surefire-test-report.xsd" name="org.ivc.dbms.ManagerTest" time="2.585" tests="16" errors="0" skipped="0" failures="0">
  <properties>
[...]
</properties>
  <testcase name="tc33_monthlySalesSummary_withData" classname="org.ivc.dbms.ManagerTest" time="0.172"/>
  <testcase name="tc34_monthlySalesSummary_noData" classname="org.ivc.dbms.ManagerTest" time="0.078"/>
  <testcase name="tc35_monthlySalesSummary_invalidMonth" classname="org.ivc.dbms.ManagerTest" time="0.058"/>
  <testcase name="tc36_autoAdjustStatus_setsGold" classname="org.ivc.dbms.ManagerTest" time="0.242"/>
  <testcase name="tc36b_autoAdjustStatus_setsSilver" classname="org.ivc.dbms.ManagerTest" time="0.135"/>
  <testcase name="tc37_manualStatusUpdate_success" classname="org.ivc.dbms.ManagerTest" time="0.11"/>
  <testcase name="tc38_manualStatusUpdate_invalidStatus_rejected" classname="org.ivc.dbms.ManagerTest" time="0.05"/>
  <testcase name="tc38b_manualStatusUpdate_nonExistentCustomer" classname="org.ivc.dbms.ManagerTest" time="0.077"/>
  <testcase name="tc39_sendOrderToManufacturer_partialName" classname="org.ivc.dbms.ManagerTest" time="0.078"/>
  <testcase name="tc40_sendOrderToManufacturer_notFound" classname="org.ivc.dbms.ManagerTest" time="0.086"/>
  <testcase name="tc41_changeItemPrice_success" classname="org.ivc.dbms.ManagerTest" time="0.105"/>
  <testcase name="tc42_changeItemPrice_negativeRejected" classname="org.ivc.dbms.ManagerTest" time="0.049"/>
  <testcase name="tc43_changeItemPrice_itemNotFound" classname="org.ivc.dbms.ManagerTest" time="0.076"/>
  <testcase name="tc44_deleteOldTransactions_keepsThreeMostRecent" classname="org.ivc.dbms.ManagerTest" time="0.417"/>
  <testcase name="tc45_deleteOldTransactions_cancelled" classname="org.ivc.dbms.ManagerTest" time="0.103"/>
  <testcase name="tc_discountRules_readsMostRecent" classname="org.ivc.dbms.ManagerTest" time="0.136"/>
</testsuite>